<?xml version="1.0" encoding="UTF-8"?><testsuite errors="1" failures="0" name="Utest" skipped="0" tests="1" time="0.87" timestamp="2021-08-04 04:51:37"><testcase name="Search for automation register"><error message="Arity mismatch: Step Definition 'co.com.choucair.certification.retotecnico.stepdefinitions.RetoTecnicoStepDefinitions.angelaWantsToRegister(RegisterData&gt;) in file:/C:/Users/Angela/IdeaProjects/co.com.choucair.certification.retotecnico/build/classes/java/test/' with pattern [^Angela wants to register$] is declared with 1 parameters. However, the gherkin step has 0 arguments []. &#10;Step text: Angela wants to register" type="cucumber.runtime.CucumberException">Arity mismatch: Step Definition 'co.com.choucair.certification.retotecnico.stepdefinitions.RetoTecnicoStepDefinitions.angelaWantsToRegister(RegisterData&gt;) in file:/C:/Users/Angela/IdeaProjects/co.com.choucair.certification.retotecnico/build/classes/java/test/' with pattern [^Angela wants to register$] is declared with 1 parameters. However, the gherkin step has 0 arguments []. 
Step text: Angela wants to register</error><system-err>Arity mismatch: Step Definition 'co.com.choucair.certification.retotecnico.stepdefinitions.RetoTecnicoStepDefinitions.angelaWantsToRegister(RegisterData&gt;) in file:/C:/Users/Angela/IdeaProjects/co.com.choucair.certification.retotecnico/build/classes/java/test/' with pattern [^Angela wants to register$] is declared with 1 parameters. However, the gherkin step has 0 arguments []. 
Step text: Angela wants to register&#13;
cucumber.runner.Runner.runPickle(Runner.java:80)&#13;
</system-err></testcase></testsuite>